TN:
SF:script/WrappedFriendtech.s.sol
FN:8,WrappedFriendtechScript.setUp
FNDA:0,WrappedFriendtechScript.setUp
FN:10,WrappedFriendtechScript.run
FNDA:0,WrappedFriendtechScript.run
DA:11,0
DA:13,0
FNF:2
FNH:0
LF:2
LH:0
BRF:0
BRH:0
end_of_record
TN:
SF:src/WrappedFriendtech.sol
FN:49,WrappedFriendtech.transferOwnership
FNDA:0,WrappedFriendtech.transferOwnership
FN:52,WrappedFriendtech.renounceOwnership
FNDA:0,WrappedFriendtech.renounceOwnership
FN:58,WrappedFriendtech.setBaseURI
FNDA:3,WrappedFriendtech.setBaseURI
DA:59,2
DA:62,2
FN:70,WrappedFriendtech.uri
FNDA:2,WrappedFriendtech.uri
DA:71,2
FN:82,WrappedFriendtech.wrap
FNDA:517,WrappedFriendtech.wrap
DA:87,517
BRDA:87,0,0,1
BRDA:87,0,1,516
DA:91,516
DA:94,516
DA:98,516
DA:102,514
DA:104,514
BRDA:104,1,0,75
BRDA:104,1,1,514
DA:107,75
FN:119,WrappedFriendtech.unwrap
FNDA:259,WrappedFriendtech.unwrap
DA:120,259
BRDA:120,2,0,1
BRDA:120,2,1,258
DA:122,258
DA:126,257
DA:130,257
DA:133,257
FNF:6
FNH:4
LF:15
LH:15
BRF:6
BRH:6
end_of_record
TN:
SF:test/WrappedFriendtech.t.sol
FN:45,ERC1155TokenReceiver.onERC1155Received
FNDA:0,ERC1155TokenReceiver.onERC1155Received
DA:52,0
FNF:1
FNH:0
LF:1
LH:0
BRF:0
BRH:0
end_of_record
